c:\users\sagar sutariya\source\repos\finalproject\x64\debug\vc142.pdb
c:\users\sagar sutariya\source\repos\finalproject\x64\debug\vc142.idb
c:\users\sagar sutariya\source\repos\finalproject\x64\debug\userinterface.obj
c:\users\sagar sutariya\source\repos\finalproject\x64\debug\shapebtn.obj
c:\users\sagar sutariya\source\repos\finalproject\x64\debug\shape.obj
c:\users\sagar sutariya\source\repos\finalproject\x64\debug\settimeout.obj
c:\users\sagar sutariya\source\repos\finalproject\x64\debug\scorepage.obj
c:\users\sagar sutariya\source\repos\finalproject\x64\debug\managegamestate.obj
c:\users\sagar sutariya\source\repos\finalproject\x64\debug\manageassets.obj
c:\users\sagar sutariya\source\repos\finalproject\x64\debug\main.obj
c:\users\sagar sutariya\source\repos\finalproject\x64\debug\gameplayer.obj
c:\users\sagar sutariya\source\repos\finalproject\x64\debug\flipanimation.obj
c:\users\sagar sutariya\source\repos\finalproject\x64\debug\boardscreen.obj
c:\users\sagar sutariya\source\repos\finalproject\x64\debug\board.obj
c:\users\sagar sutariya\source\repos\finalproject\x64\debug\finalproject.pdb
c:\users\sagar sutariya\source\repos\finalproject\x64\debug\finalproject.tlog\cl.command.1.tlog
c:\users\sagar sutariya\source\repos\finalproject\x64\debug\finalproject.tlog\cl.read.1.tlog
c:\users\sagar sutariya\source\repos\finalproject\x64\debug\finalproject.tlog\cl.write.1.tlog
c:\users\sagar sutariya\source\repos\finalproject\x64\debug\finalproject.tlog\link-cvtres.read.1.tlog
c:\users\sagar sutariya\source\repos\finalproject\x64\debug\finalproject.tlog\link-cvtres.write.1.tlog
c:\users\sagar sutariya\source\repos\finalproject\x64\debug\finalproject.tlog\link-rc.read.1.tlog
c:\users\sagar sutariya\source\repos\finalproject\x64\debug\finalproject.tlog\link-rc.write.1.tlog
c:\users\sagar sutariya\source\repos\finalproject\x64\debug\finalproject.tlog\link.command.1.tlog
c:\users\sagar sutariya\source\repos\finalproject\x64\debug\finalproject.tlog\link.read.1.tlog
c:\users\sagar sutariya\source\repos\finalproject\x64\debug\finalproject.tlog\link.write.1.tlog
